<?xml version="1.0" encoding="UTF-8"?>
<testsuite name="com.teckstudy.book.BookApplicationTests" tests="1" skipped="0" failures="0" errors="0" timestamp="2021-03-28T16:36:09" hostname="gitaeui-MacBookAir.local" time="0.004">
  <properties/>
  <testcase name="contextLoads()" classname="com.teckstudy.book.BookApplicationTests" time="0.004"/>
  <system-out><![CDATA[2021-03-29 01:36:09.202  INFO 13812 --- [    Test worker] .b.t.c.SpringBootTestContextBootstrapper : Neither @ContextConfiguration nor @ContextHierarchy found for test class [com.teckstudy.book.BookApplicationTests], using SpringBootContextLoader
2021-03-29 01:36:09.205  INFO 13812 --- [    Test worker] o.s.t.c.support.AbstractContextLoader    : Could not detect default resource locations for test class [com.teckstudy.book.BookApplicationTests]: no resource found for suffixes {-context.xml, Context.groovy}.
2021-03-29 01:36:09.205  INFO 13812 --- [    Test worker] t.c.s.AnnotationConfigContextLoaderUtils : Could not detect default configuration classes for test class [com.teckstudy.book.BookApplicationTests]: BookApplicationTests does not declare any static, non-private, non-final, nested classes annotated with @Configuration.
2021-03-29 01:36:09.235  INFO 13812 --- [    Test worker] .b.t.c.SpringBootTestContextBootstrapper : Found @SpringBootConfiguration com.teckstudy.book.BookApplication for test class com.teckstudy.book.BookApplicationTests
2021-03-29 01:36:09.240  INFO 13812 --- [    Test worker] .b.t.c.SpringBootTestContextBootstrapper : Loaded default TestExecutionListener class names from location [META-INF/spring.factories]: [org.springframework.boot.test.autoconfigure.restdocs.RestDocsTestExecutionListener, org.springframework.boot.test.autoconfigure.web.client.MockRestServiceServerResetTestExecutionListener, org.springframework.boot.test.autoconfigure.web.servlet.MockMvcPrintOnlyOnFailureTestExecutionListener, org.springframework.boot.test.autoconfigure.web.servlet.WebDriverTestExecutionListener, org.springframework.boot.test.autoconfigure.webservices.client.MockWebServiceServerTestExecutionListener, org.springframework.boot.test.mock.mockito.MockitoTestExecutionListener, org.springframework.boot.test.mock.mockito.ResetMocksTestExecutionListener, org.springframework.test.context.web.ServletTestExecutionListener, org.springframework.test.context.support.DirtiesContextBeforeModesTestExecutionListener, org.springframework.test.context.support.DependencyInjectionTestExecutionListener, org.springframework.test.context.support.DirtiesContextTestExecutionListener, org.springframework.test.context.transaction.TransactionalTestExecutionListener, org.springframework.test.context.jdbc.SqlScriptsTestExecutionListener, org.springframework.test.context.event.EventPublishingTestExecutionListener]
2021-03-29 01:36:09.240  INFO 13812 --- [    Test worker] .b.t.c.SpringBootTestContextBootstrapper : Using TestExecutionListeners: [org.springframework.test.context.web.ServletTestExecutionListener@30c6e66, org.springframework.test.context.support.DirtiesContextBeforeModesTestExecutionListener@21d977e0, org.springframework.boot.test.mock.mockito.MockitoTestExecutionListener@6c40fb7c, org.springframework.boot.test.autoconfigure.SpringBootDependencyInjectionTestExecutionListener@7b5a4adc, org.springframework.test.context.support.DirtiesContextTestExecutionListener@1bc5648f, org.springframework.test.context.transaction.TransactionalTestExecutionListener@71496660, org.springframework.test.context.jdbc.SqlScriptsTestExecutionListener@1ab9e82e, org.springframework.test.context.event.EventPublishingTestExecutionListener@331c4d0f, org.springframework.boot.test.autoconfigure.restdocs.RestDocsTestExecutionListener@34da6ff, org.springframework.boot.test.autoconfigure.web.client.MockRestServiceServerResetTestExecutionListener@390dba90, org.springframework.boot.test.autoconfigure.web.servlet.MockMvcPrintOnlyOnFailureTestExecutionListener@6c20dd07, org.springframework.boot.test.autoconfigure.web.servlet.WebDriverTestExecutionListener@3d0581b9, org.springframework.boot.test.autoconfigure.webservices.client.MockWebServiceServerTestExecutionListener@5311b2b8, org.springframework.boot.test.mock.mockito.ResetMocksTestExecutionListener@79c4b70]
]]></system-out>
  <system-err><![CDATA[]]></system-err>
</testsuite>
